<?xml version="1.0" encoding="UTF-8"?>
<!-- Generated by org.testng.reporters.JUnitXMLReporter -->
<testsuite hostname="L10ASO-PF0WLE4Y" name="Create_Global_Grant" tests="6" failures="0" timestamp="10 Aug 2020 08:40:46 GMT" time="51.216" errors="0">
  <testcase name="openurl" time="7.984" classname="GlobalGrantScenario.Grants.OpenGrantPage"/>
  <testcase name="loignintGrant" time="7.907" classname="GlobalGrantScenario.Grants.grantsLoginPageTest"/>
  <testcase name="navigatetoNewGrantpage" time="11.088" classname="GlobalGrantScenario.Grants.GrantsHomePagetest"/>
  <testcase name="checkpagetitle" time="1.176" classname="GlobalGrantScenario.Grants.ApplayForGrantTest"/>
  <testcase name="startglobalgrant" time="6.96" classname="GlobalGrantScenario.Grants.ApplayForGrantTest"/>
  <testcase name="complete_Step1" time="2.475" classname="GlobalGrantScenario.Grants.Step1Basicinfo"/>
</testsuite> <!-- Create_Global_Grant -->
