<?xml version="1.0" encoding="UTF-8"?>
<!-- Generated by org.testng.reporters.JUnitXMLReporter -->
<testsuite hostname="L10ASO-PF0WLE4Y" name="Create_District_Grant" tests="3" failures="2" timestamp="2 May 2020 12:19:45 GMT" time="94.83" errors="0">
  <testcase name="@AfterTest closedbrowser" time="0.0" classname="GlobalGrantScenario.Grants.grantsLoginPageTest">
    <failure type="org.openqa.selenium.NoSuchSessionException" message="Tried to run command without establishing a connection
Build info: version: &amp;apos;3.4.0&amp;apos;, revision: &amp;apos;unknown&amp;apos;, time: &amp;apos;unknown&amp;apos;
System info: host: &amp;apos;L10ASO-PF0WLE4Y&amp;apos;, ip: &amp;apos;192.168.1.204&amp;apos;, os.name: &amp;apos;Windows 10&amp;apos;, os.arch: &amp;apos;amd64&amp;apos;, os.version: &amp;apos;10.0&amp;apos;, java.version: &amp;apos;1.8.0_131&amp;apos;
Driver info: org.openqa.selenium.firefox.FirefoxDriver
Capabilities [{moz:profile=C:\Users\patild\AppData\Local\Temp\rust_mozprofileY03wJm, rotatable=false, moz:geckodriverVersion=0.26.0, timeouts={implicit=0.0, pageLoad=300000.0, script=30000.0}, pageLoadStrategy=normal, unhandledPromptBehavior=dismiss and notify, strictFileInteractability=false, moz:headless=false, platform=ANY, moz:accessibilityChecks=false, moz:useNonSpecCompliantPointerOrigin=false, acceptInsecureCerts=false, browserVersion=69.0, moz:shutdownTimeout=60000.0, platformVersion=10.0, moz:processID=22388.0, browserName=firefox, moz:buildID=20190827005903, javascriptEnabled=true, platformName=windows, setWindowRect=true, moz:webdriverClick=true}]
Session ID: 5cf25af2-a048-476b-9c46-7b29f52b69f1">
      <![CDATA[org.openqa.selenium.NoSuchSessionException: Tried to run command without establishing a connection
Build info: version: '3.4.0', revision: 'unknown', time: 'unknown'
System info: host: 'L10ASO-PF0WLE4Y', ip: '192.168.1.204', os.name: 'Windows 10', os.arch: 'amd64', os.version: '10.0', java.version: '1.8.0_131'
Driver info: org.openqa.selenium.firefox.FirefoxDriver
Capabilities [{moz:profile=C:\Users\patild\AppData\Local\Temp\rust_mozprofileY03wJm, rotatable=false, moz:geckodriverVersion=0.26.0, timeouts={implicit=0.0, pageLoad=300000.0, script=30000.0}, pageLoadStrategy=normal, unhandledPromptBehavior=dismiss and notify, strictFileInteractability=false, moz:headless=false, platform=ANY, moz:accessibilityChecks=false, moz:useNonSpecCompliantPointerOrigin=false, acceptInsecureCerts=false, browserVersion=69.0, moz:shutdownTimeout=60000.0, platformVersion=10.0, moz:processID=22388.0, browserName=firefox, moz:buildID=20190827005903, javascriptEnabled=true, platformName=windows, setWindowRect=true, moz:webdriverClick=true}]
Session ID: 5cf25af2-a048-476b-9c46-7b29f52b69f1
	at org.openqa.selenium.remote.http.W3CHttpResponseCodec.createException(W3CHttpResponseCodec.java:150)
	at org.openqa.selenium.remote.http.W3CHttpResponseCodec.decode(W3CHttpResponseCodec.java:115)
	at org.openqa.selenium.remote.http.W3CHttpResponseCodec.decode(W3CHttpResponseCodec.java:45)
	at org.openqa.selenium.remote.HttpCommandExecutor.execute(HttpCommandExecutor.java:164)
	at org.openqa.selenium.remote.service.DriverCommandExecutor.execute(DriverCommandExecutor.java:82)
	at org.openqa.selenium.remote.RemoteWebDriver.execute(RemoteWebDriver.java:637)
	at org.openqa.selenium.remote.RemoteWebDriver.execute(RemoteWebDriver.java:694)
	at org.openqa.selenium.remote.RemoteWebDriver.close(RemoteWebDriver.java:523)
	at GlobalGrantScenario.Grants.grantsLoginPageTest.closedbrowser(grantsLoginPageTest.java:55)
... Removed 26 stack frames]]>
    </failure>
  </testcase> <!-- @AfterTest closedbrowser -->
  <testcase name="openurl" time="21.765" classname="GlobalGrantScenario.Grants.OpenGrantPage"/>
  <testcase name="navigatetoNewGrantpage" time="54.241" classname="GlobalGrantScenario.Grants.GrantsHomePagetest">
    <failure type="org.openqa.selenium.WebDriverException" message="Failed to interpret value as array
Build info: version: &amp;apos;3.4.0&amp;apos;, revision: &amp;apos;unknown&amp;apos;, time: &amp;apos;unknown&amp;apos;
System info: host: &amp;apos;L10ASO-PF0WLE4Y&amp;apos;, ip: &amp;apos;192.168.1.204&amp;apos;, os.name: &amp;apos;Windows 10&amp;apos;, os.arch: &amp;apos;amd64&amp;apos;, os.version: &amp;apos;10.0&amp;apos;, java.version: &amp;apos;1.8.0_131&amp;apos;
Driver info: org.openqa.selenium.firefox.FirefoxDriver
Capabilities [{moz:profile=C:\Users\patild\AppData\Local\Temp\rust_mozprofileY03wJm, rotatable=false, moz:geckodriverVersion=0.26.0, timeouts={implicit=0.0, pageLoad=300000.0, script=30000.0}, pageLoadStrategy=normal, unhandledPromptBehavior=dismiss and notify, strictFileInteractability=false, moz:headless=false, platform=ANY, moz:accessibilityChecks=false, moz:useNonSpecCompliantPointerOrigin=false, acceptInsecureCerts=false, browserVersion=69.0, moz:shutdownTimeout=60000.0, platformVersion=10.0, moz:processID=22388.0, browserName=firefox, moz:buildID=20190827005903, javascriptEnabled=true, platformName=windows, setWindowRect=true, moz:webdriverClick=true}]
Session ID: 5cf25af2-a048-476b-9c46-7b29f52b69f1
*** Element info: {Using=css selector, value=frame[name=&amp;apos;app_win&amp;apos;],iframe[name=&amp;apos;app_win&amp;apos;]}">
      <![CDATA[org.openqa.selenium.WebDriverException: Failed to interpret value as array
Build info: version: '3.4.0', revision: 'unknown', time: 'unknown'
System info: host: 'L10ASO-PF0WLE4Y', ip: '192.168.1.204', os.name: 'Windows 10', os.arch: 'amd64', os.version: '10.0', java.version: '1.8.0_131'
Driver info: org.openqa.selenium.firefox.FirefoxDriver
Capabilities [{moz:profile=C:\Users\patild\AppData\Local\Temp\rust_mozprofileY03wJm, rotatable=false, moz:geckodriverVersion=0.26.0, timeouts={implicit=0.0, pageLoad=300000.0, script=30000.0}, pageLoadStrategy=normal, unhandledPromptBehavior=dismiss and notify, strictFileInteractability=false, moz:headless=false, platform=ANY, moz:accessibilityChecks=false, moz:useNonSpecCompliantPointerOrigin=false, acceptInsecureCerts=false, browserVersion=69.0, moz:shutdownTimeout=60000.0, platformVersion=10.0, moz:processID=22388.0, browserName=firefox, moz:buildID=20190827005903, javascriptEnabled=true, platformName=windows, setWindowRect=true, moz:webdriverClick=true}]
Session ID: 5cf25af2-a048-476b-9c46-7b29f52b69f1
*** Element info: {Using=css selector, value=frame[name='app_win'],iframe[name='app_win']}
	at org.openqa.selenium.remote.http.W3CHttpResponseCodec.createException(W3CHttpResponseCodec.java:150)
	at org.openqa.selenium.remote.http.W3CHttpResponseCodec.decode(W3CHttpResponseCodec.java:115)
	at org.openqa.selenium.remote.http.W3CHttpResponseCodec.decode(W3CHttpResponseCodec.java:45)
	at org.openqa.selenium.remote.HttpCommandExecutor.execute(HttpCommandExecutor.java:164)
	at org.openqa.selenium.remote.service.DriverCommandExecutor.execute(DriverCommandExecutor.java:82)
	at org.openqa.selenium.remote.RemoteWebDriver.execute(RemoteWebDriver.java:637)
	at org.openqa.selenium.remote.RemoteWebDriver.findElements(RemoteWebDriver.java:437)
	at org.openqa.selenium.remote.RemoteWebDriver.findElementsByCssSelector(RemoteWebDriver.java:505)
	at org.openqa.selenium.By$ByCssSelector.findElements(By.java:441)
	at org.openqa.selenium.remote.RemoteWebDriver.findElements(RemoteWebDriver.java:398)
	at org.openqa.selenium.remote.RemoteWebDriver$RemoteTargetLocator.frame(RemoteWebDriver.java:966)
	at resources.Base.selectframe(Base.java:121)
	at GlobalGrantScenario.Grants.GrantsHomePagetest.navigatetoNewGrantpage(GrantsHomePagetest.java:17)
... Removed 28 stack frames]]>
    </failure>
  </testcase> <!-- navigatetoNewGrantpage -->
  <testcase name="navigatetoNewGrantpage" time="56.544" classname="GlobalGrantScenario.Grants.GrantsHomePagetest">
    <failure type="org.openqa.selenium.WebDriverException" message="Failed to decode response from marionette
Build info: version: &amp;apos;3.4.0&amp;apos;, revision: &amp;apos;unknown&amp;apos;, time: &amp;apos;unknown&amp;apos;
System info: host: &amp;apos;L10ASO-PF0WLE4Y&amp;apos;, ip: &amp;apos;192.168.1.204&amp;apos;, os.name: &amp;apos;Windows 10&amp;apos;, os.arch: &amp;apos;amd64&amp;apos;, os.version: &amp;apos;10.0&amp;apos;, java.version: &amp;apos;1.8.0_131&amp;apos;
Driver info: org.openqa.selenium.firefox.FirefoxDriver
Capabilities [{moz:profile=C:\Users\patild\AppData\Local\Temp\rust_mozprofileY03wJm, rotatable=false, moz:geckodriverVersion=0.26.0, timeouts={implicit=0.0, pageLoad=300000.0, script=30000.0}, pageLoadStrategy=normal, unhandledPromptBehavior=dismiss and notify, strictFileInteractability=false, moz:headless=false, platform=ANY, moz:accessibilityChecks=false, moz:useNonSpecCompliantPointerOrigin=false, acceptInsecureCerts=false, browserVersion=69.0, moz:shutdownTimeout=60000.0, platformVersion=10.0, moz:processID=22388.0, browserName=firefox, moz:buildID=20190827005903, javascriptEnabled=true, platformName=windows, setWindowRect=true, moz:webdriverClick=true}]
Session ID: 5cf25af2-a048-476b-9c46-7b29f52b69f1">
      <![CDATA[org.openqa.selenium.WebDriverException: Failed to decode response from marionette
Build info: version: '3.4.0', revision: 'unknown', time: 'unknown'
System info: host: 'L10ASO-PF0WLE4Y', ip: '192.168.1.204', os.name: 'Windows 10', os.arch: 'amd64', os.version: '10.0', java.version: '1.8.0_131'
Driver info: org.openqa.selenium.firefox.FirefoxDriver
Capabilities [{moz:profile=C:\Users\patild\AppData\Local\Temp\rust_mozprofileY03wJm, rotatable=false, moz:geckodriverVersion=0.26.0, timeouts={implicit=0.0, pageLoad=300000.0, script=30000.0}, pageLoadStrategy=normal, unhandledPromptBehavior=dismiss and notify, strictFileInteractability=false, moz:headless=false, platform=ANY, moz:accessibilityChecks=false, moz:useNonSpecCompliantPointerOrigin=false, acceptInsecureCerts=false, browserVersion=69.0, moz:shutdownTimeout=60000.0, platformVersion=10.0, moz:processID=22388.0, browserName=firefox, moz:buildID=20190827005903, javascriptEnabled=true, platformName=windows, setWindowRect=true, moz:webdriverClick=true}]
Session ID: 5cf25af2-a048-476b-9c46-7b29f52b69f1
	at org.openqa.selenium.remote.http.W3CHttpResponseCodec.createException(W3CHttpResponseCodec.java:150)
	at org.openqa.selenium.remote.http.W3CHttpResponseCodec.decode(W3CHttpResponseCodec.java:115)
	at org.openqa.selenium.remote.http.W3CHttpResponseCodec.decode(W3CHttpResponseCodec.java:45)
	at org.openqa.selenium.remote.HttpCommandExecutor.execute(HttpCommandExecutor.java:164)
	at org.openqa.selenium.remote.service.DriverCommandExecutor.execute(DriverCommandExecutor.java:82)
	at org.openqa.selenium.remote.RemoteWebDriver.execute(RemoteWebDriver.java:637)
	at org.openqa.selenium.remote.RemoteWebDriver.execute(RemoteWebDriver.java:694)
	at org.openqa.selenium.remote.RemoteWebDriver.getScreenshotAs(RemoteWebDriver.java:382)
	at resources.Base.fullscreenshot(Base.java:84)
	at GlobalGrantScenario.Grants.Listeners.onTestFailure(Listeners.java:36)
... Removed 25 stack frames]]>
    </failure>
  </testcase> <!-- navigatetoNewGrantpage -->
</testsuite> <!-- Create_District_Grant -->
