<?xml version="1.0" encoding="UTF-8"?>
<!-- Generated by org.testng.reporters.JUnitXMLReporter -->
<testsuite hostname="L10ASO-PF0WLE4Y" name="ForgotPassoword" tests="2" failures="1" timestamp="1 Feb 2020 18:34:39 GMT" time="26.434" errors="0">
  <testcase name="navigatoLoginpage" time="11.032" classname="GlobalGrantScenario.Grants.HomePageTest"/>
  <testcase name="verfiyforgotpassowrd" time="13.944" classname="GlobalGrantScenario.Grants.ForGotPassowrdTest">
    <failure type="java.lang.AssertionError" message="expected [Rese3t Password] but found [Reset Password]">
      <![CDATA[java.lang.AssertionError: expected [Rese3t Password] but found [Reset Password]
	at GlobalGrantScenario.Grants.ForGotPassowrdTest.verfiyforgotpassowrd(ForGotPassowrdTest.java:18)
... Removed 29 stack frames]]>
    </failure>
  </testcase> <!-- verfiyforgotpassowrd -->
</testsuite> <!-- ForgotPassoword -->
