<?xml version="1.0" encoding="UTF-8"?>
<!-- Generated by org.testng.reporters.JUnitXMLReporter -->
<testsuite hostname="L10ASO-PF0WLE4Y" name="practicewebtableverify" tests="2" failures="0" timestamp="11 Feb 2020 12:38:14 GMT" time="21.967" errors="0">
  <testcase name="navigatetopracticepage" time="8.479" classname="GlobalGrantScenario.Grants.HomePageTest"/>
  <testcase name="courceordsort" time="0.45" classname="GlobalGrantScenario.Grants.practicepagetest"/>
</testsuite> <!-- practicewebtableverify -->
