<?xml version="1.0" encoding="UTF-8"?>
<!-- Generated by org.testng.reporters.JUnitXMLReporter -->
<testsuite hostname="L10ASO-PF0WLE4Y" name="Test" tests="5" failures="1" timestamp="20 Feb 2020 12:09:33 GMT" time="43.96" errors="0">
  <testcase name="openurl" time="9.062" classname="GlobalGrantScenario.Grants.OpenGrantPage"/>
  <testcase name="loignintGrant" time="8.158" classname="GlobalGrantScenario.Grants.grantsLoginPageTest"/>
  <testcase name="navigatetoNewGrantpage" time="7.36" classname="GlobalGrantScenario.Grants.GrantsHomePagetest"/>
  <testcase name="checkpagetitle" time="3.469" classname="GlobalGrantScenario.Grants.ApplayForGrantTest"/>
  <testcase name="startglobalgrant" time="0.039" classname="GlobalGrantScenario.Grants.ApplayForGrantTest">
    <failure type="java.lang.AssertionError" message="Let&amp;apos;s Begin Button is enalbe expected [false] but found [true]">
      <![CDATA[java.lang.AssertionError: Let's Begin Button is enalbe expected [false] but found [true]
	at GlobalGrantScenario.Grants.ApplayForGrantTest.startglobalgrant(ApplayForGrantTest.java:62)
... Removed 27 stack frames]]>
    </failure>
  </testcase> <!-- startglobalgrant -->
</testsuite> <!-- Test -->
