<?xml version="1.0" encoding="UTF-8"?>
<!-- Generated by org.testng.reporters.JUnitXMLReporter -->
<testsuite hostname="L10ASO-PF0WLE4Y" name="Test" tests="5" failures="4" timestamp="10 Aug 2020 08:26:12 GMT" time="488.446" errors="0">
  <testcase name="@AfterTest closedbrowser" time="0.0" classname="GlobalGrantScenario.Grants.grantsLoginPageTest">
    <failure type="java.lang.NullPointerException">
      <![CDATA[java.lang.NullPointerException
	at GlobalGrantScenario.Grants.grantsLoginPageTest.closedbrowser(grantsLoginPageTest.java:61)
... Removed 22 stack frames]]>
    </failure>
  </testcase> <!-- @AfterTest closedbrowser -->
  <testcase name="openurl" time="6.312" classname="GlobalGrantScenario.Grants.OpenGrantPage"/>
  <testcase name="loginforDG" time="0.006" classname="GlobalGrantScenario.Grants.grantsLoginPageTest">
    <failure type="java.lang.NullPointerException">
      <![CDATA[java.lang.NullPointerException
	at PageObjects.grantsLoginPageObjects.enterusername(grantsLoginPageObjects.java:21)
	at GlobalGrantScenario.Grants.grantsLoginPageTest.loginforDG(grantsLoginPageTest.java:71)
... Removed 24 stack frames]]>
    </failure>
  </testcase> <!-- loginforDG -->
  <testcase name="loignintGrant" time="0.002" classname="GlobalGrantScenario.Grants.grantsLoginPageTest">
    <failure type="java.lang.NullPointerException">
      <![CDATA[java.lang.NullPointerException
	at PageObjects.grantsLoginPageObjects.enterusername(grantsLoginPageObjects.java:21)
	at GlobalGrantScenario.Grants.grantsLoginPageTest.loignintGrant(grantsLoginPageTest.java:39)
... Removed 24 stack frames]]>
    </failure>
  </testcase> <!-- loignintGrant -->
  <testcase name="navigatetoNewGrantpage" time="467.046" classname="GlobalGrantScenario.Grants.GrantsHomePagetest">
    <failure type="org.openqa.selenium.WebDriverException" message="Failed to interpret value as array
Build info: version: &amp;apos;3.4.0&amp;apos;, revision: &amp;apos;unknown&amp;apos;, time: &amp;apos;unknown&amp;apos;
System info: host: &amp;apos;L10ASO-PF0WLE4Y&amp;apos;, ip: &amp;apos;192.168.180.155&amp;apos;, os.name: &amp;apos;Windows 10&amp;apos;, os.arch: &amp;apos;amd64&amp;apos;, os.version: &amp;apos;10.0&amp;apos;, java.version: &amp;apos;1.8.0_131&amp;apos;
Driver info: org.openqa.selenium.firefox.FirefoxDriver
Capabilities [{moz:profile=C:\Users\patild\AppData\Local\Temp\rust_mozprofilexNbtyC, rotatable=false, moz:geckodriverVersion=0.26.0, timeouts={implicit=0.0, pageLoad=300000.0, script=30000.0}, pageLoadStrategy=normal, unhandledPromptBehavior=dismiss and notify, strictFileInteractability=false, moz:headless=false, platform=ANY, moz:accessibilityChecks=false, moz:useNonSpecCompliantPointerOrigin=false, acceptInsecureCerts=false, browserVersion=69.0, moz:shutdownTimeout=60000.0, platformVersion=10.0, moz:processID=17224.0, browserName=firefox, moz:buildID=20190827005903, javascriptEnabled=true, platformName=windows, setWindowRect=true, moz:webdriverClick=true}]
Session ID: 3e90da1e-87f9-41cc-b364-fe1da22bf944
*** Element info: {Using=css selector, value=frame[name=&amp;apos;app_win&amp;apos;],iframe[name=&amp;apos;app_win&amp;apos;]}">
      <![CDATA[org.openqa.selenium.WebDriverException: Failed to interpret value as array
Build info: version: '3.4.0', revision: 'unknown', time: 'unknown'
System info: host: 'L10ASO-PF0WLE4Y', ip: '192.168.180.155', os.name: 'Windows 10', os.arch: 'amd64', os.version: '10.0', java.version: '1.8.0_131'
Driver info: org.openqa.selenium.firefox.FirefoxDriver
Capabilities [{moz:profile=C:\Users\patild\AppData\Local\Temp\rust_mozprofilexNbtyC, rotatable=false, moz:geckodriverVersion=0.26.0, timeouts={implicit=0.0, pageLoad=300000.0, script=30000.0}, pageLoadStrategy=normal, unhandledPromptBehavior=dismiss and notify, strictFileInteractability=false, moz:headless=false, platform=ANY, moz:accessibilityChecks=false, moz:useNonSpecCompliantPointerOrigin=false, acceptInsecureCerts=false, browserVersion=69.0, moz:shutdownTimeout=60000.0, platformVersion=10.0, moz:processID=17224.0, browserName=firefox, moz:buildID=20190827005903, javascriptEnabled=true, platformName=windows, setWindowRect=true, moz:webdriverClick=true}]
Session ID: 3e90da1e-87f9-41cc-b364-fe1da22bf944
*** Element info: {Using=css selector, value=frame[name='app_win'],iframe[name='app_win']}
	at org.openqa.selenium.remote.http.W3CHttpResponseCodec.createException(W3CHttpResponseCodec.java:150)
	at org.openqa.selenium.remote.http.W3CHttpResponseCodec.decode(W3CHttpResponseCodec.java:115)
	at org.openqa.selenium.remote.http.W3CHttpResponseCodec.decode(W3CHttpResponseCodec.java:45)
	at org.openqa.selenium.remote.HttpCommandExecutor.execute(HttpCommandExecutor.java:164)
	at org.openqa.selenium.remote.service.DriverCommandExecutor.execute(DriverCommandExecutor.java:82)
	at org.openqa.selenium.remote.RemoteWebDriver.execute(RemoteWebDriver.java:637)
	at org.openqa.selenium.remote.RemoteWebDriver.findElements(RemoteWebDriver.java:437)
	at org.openqa.selenium.remote.RemoteWebDriver.findElementsByCssSelector(RemoteWebDriver.java:505)
	at org.openqa.selenium.By$ByCssSelector.findElements(By.java:441)
	at org.openqa.selenium.remote.RemoteWebDriver.findElements(RemoteWebDriver.java:398)
	at org.openqa.selenium.remote.RemoteWebDriver$RemoteTargetLocator.frame(RemoteWebDriver.java:966)
	at resources.Base.selectframe(Base.java:123)
	at GlobalGrantScenario.Grants.GrantsHomePagetest.navigatetoNewGrantpage(GrantsHomePagetest.java:24)
... Removed 28 stack frames]]>
    </failure>
  </testcase> <!-- navigatetoNewGrantpage -->
  <testcase name="navigatetoNewGrantpage" time="469.169" classname="GlobalGrantScenario.Grants.GrantsHomePagetest">
    <failure type="org.openqa.selenium.WebDriverException" message="Failed to decode response from marionette
Build info: version: &amp;apos;3.4.0&amp;apos;, revision: &amp;apos;unknown&amp;apos;, time: &amp;apos;unknown&amp;apos;
System info: host: &amp;apos;L10ASO-PF0WLE4Y&amp;apos;, ip: &amp;apos;192.168.180.155&amp;apos;, os.name: &amp;apos;Windows 10&amp;apos;, os.arch: &amp;apos;amd64&amp;apos;, os.version: &amp;apos;10.0&amp;apos;, java.version: &amp;apos;1.8.0_131&amp;apos;
Driver info: org.openqa.selenium.firefox.FirefoxDriver
Capabilities [{moz:profile=C:\Users\patild\AppData\Local\Temp\rust_mozprofilexNbtyC, rotatable=false, moz:geckodriverVersion=0.26.0, timeouts={implicit=0.0, pageLoad=300000.0, script=30000.0}, pageLoadStrategy=normal, unhandledPromptBehavior=dismiss and notify, strictFileInteractability=false, moz:headless=false, platform=ANY, moz:accessibilityChecks=false, moz:useNonSpecCompliantPointerOrigin=false, acceptInsecureCerts=false, browserVersion=69.0, moz:shutdownTimeout=60000.0, platformVersion=10.0, moz:processID=17224.0, browserName=firefox, moz:buildID=20190827005903, javascriptEnabled=true, platformName=windows, setWindowRect=true, moz:webdriverClick=true}]
Session ID: 3e90da1e-87f9-41cc-b364-fe1da22bf944">
      <![CDATA[org.openqa.selenium.WebDriverException: Failed to decode response from marionette
Build info: version: '3.4.0', revision: 'unknown', time: 'unknown'
System info: host: 'L10ASO-PF0WLE4Y', ip: '192.168.180.155', os.name: 'Windows 10', os.arch: 'amd64', os.version: '10.0', java.version: '1.8.0_131'
Driver info: org.openqa.selenium.firefox.FirefoxDriver
Capabilities [{moz:profile=C:\Users\patild\AppData\Local\Temp\rust_mozprofilexNbtyC, rotatable=false, moz:geckodriverVersion=0.26.0, timeouts={implicit=0.0, pageLoad=300000.0, script=30000.0}, pageLoadStrategy=normal, unhandledPromptBehavior=dismiss and notify, strictFileInteractability=false, moz:headless=false, platform=ANY, moz:accessibilityChecks=false, moz:useNonSpecCompliantPointerOrigin=false, acceptInsecureCerts=false, browserVersion=69.0, moz:shutdownTimeout=60000.0, platformVersion=10.0, moz:processID=17224.0, browserName=firefox, moz:buildID=20190827005903, javascriptEnabled=true, platformName=windows, setWindowRect=true, moz:webdriverClick=true}]
Session ID: 3e90da1e-87f9-41cc-b364-fe1da22bf944
	at org.openqa.selenium.remote.http.W3CHttpResponseCodec.createException(W3CHttpResponseCodec.java:150)
	at org.openqa.selenium.remote.http.W3CHttpResponseCodec.decode(W3CHttpResponseCodec.java:115)
	at org.openqa.selenium.remote.http.W3CHttpResponseCodec.decode(W3CHttpResponseCodec.java:45)
	at org.openqa.selenium.remote.HttpCommandExecutor.execute(HttpCommandExecutor.java:164)
	at org.openqa.selenium.remote.service.DriverCommandExecutor.execute(DriverCommandExecutor.java:82)
	at org.openqa.selenium.remote.RemoteWebDriver.execute(RemoteWebDriver.java:637)
	at org.openqa.selenium.remote.RemoteWebDriver.execute(RemoteWebDriver.java:694)
	at org.openqa.selenium.remote.RemoteWebDriver.getScreenshotAs(RemoteWebDriver.java:382)
	at resources.Base.fullscreenshot(Base.java:83)
	at GlobalGrantScenario.Grants.Listeners.onTestFailure(Listeners.java:36)
... Removed 25 stack frames]]>
    </failure>
  </testcase> <!-- navigatetoNewGrantpage -->
</testsuite> <!-- Test -->
