<?xml version="1.0" encoding="UTF-8"?>
<!-- Generated by org.testng.reporters.JUnitXMLReporter -->
<testsuite hostname="L10ASO-PF0WLE4Y" name="Create_District_Grant" tests="5" failures="0" timestamp="5 Mar 2020 09:46:35 GMT" time="51.567" errors="0">
  <testcase name="openurl" time="6.829" classname="GlobalGrantScenario.Grants.OpenGrantPage"/>
  <testcase name="loginforDG" time="7.261" classname="GlobalGrantScenario.Grants.grantsLoginPageTest"/>
  <testcase name="navigatetoNewGrantpage" time="9.925" classname="GlobalGrantScenario.Grants.GrantsHomePagetest"/>
  <testcase name="checkpagetitle" time="3.51" classname="GlobalGrantScenario.Grants.ApplayForGrantTest"/>
  <testcase name="startdistrictgrant" time="6.907" classname="GlobalGrantScenario.Grants.ApplayForGrantTest"/>
</testsuite> <!-- Create_District_Grant -->
