<?xml version="1.0" encoding="UTF-8"?>
<!-- Generated by org.testng.reporters.JUnitXMLReporter -->
<testsuite hostname="L10ASO-PF0WLE4Y" name="practicewebtableverify" tests="2" failures="0" timestamp="7 Feb 2020 12:54:38 GMT" time="20.964" errors="0">
  <testcase name="navigatetopracticepage" time="17.671" classname="GlobalGrantScenario.Grants.HomePageTest"/>
  <testcase name="courceordsort" time="0.704" classname="GlobalGrantScenario.Grants.practicepagetest"/>
</testsuite> <!-- practicewebtableverify -->
