<?xml version="1.0" encoding="UTF-8"?>
<!-- Generated by org.testng.reporters.JUnitXMLReporter -->
<testsuite hostname="L10ASO-PF0WLE4Y" name="practicewebtableverify" tests="2" failures="0" timestamp="5 Mar 2020 07:51:59 GMT" time="18.899" errors="0">
  <testcase name="navigatetopracticepage" time="6.204" classname="GlobalGrantScenario.Grants.HomePageTest"/>
  <testcase name="courceordsort" time="0.533" classname="GlobalGrantScenario.Grants.practicepagetest"/>
</testsuite> <!-- practicewebtableverify -->
