<?xml version="1.0" encoding="UTF-8"?>
<!-- Generated by org.testng.reporters.JUnitXMLReporter -->
<testsuite hostname="L10ASO-PF0WLE4Y" name="Test" tests="5" failures="0" timestamp="5 Mar 2020 10:48:09 GMT" time="55.126" errors="0">
  <testcase name="openurl" time="9.147" classname="GlobalGrantScenario.Grants.OpenGrantPage"/>
  <testcase name="loignintGrant" time="9.009" classname="GlobalGrantScenario.Grants.grantsLoginPageTest"/>
  <testcase name="navigatetoNewGrantpage" time="9.68" classname="GlobalGrantScenario.Grants.GrantsHomePagetest"/>
  <testcase name="checkpagetitle" time="3.736" classname="GlobalGrantScenario.Grants.ApplayForGrantTest"/>
  <testcase name="startglobalgrant" time="8.904" classname="GlobalGrantScenario.Grants.ApplayForGrantTest"/>
</testsuite> <!-- Test -->
