<?xml version="1.0" encoding="UTF-8"?>
<!-- Generated by org.testng.reporters.JUnitXMLReporter -->
<testsuite hostname="L10ASO-PF0WLE4Y" name="Test" tests="5" failures="0" timestamp="20 Feb 2020 12:49:35 GMT" time="57.823" errors="0">
  <testcase name="openurl" time="10.878" classname="GlobalGrantScenario.Grants.OpenGrantPage"/>
  <testcase name="loignintGrant" time="8.241" classname="GlobalGrantScenario.Grants.grantsLoginPageTest"/>
  <testcase name="navigatetoNewGrantpage" time="7.88" classname="GlobalGrantScenario.Grants.GrantsHomePagetest"/>
  <testcase name="checkpagetitle" time="4.278" classname="GlobalGrantScenario.Grants.ApplayForGrantTest"/>
  <testcase name="startglobalgrant" time="11.247" classname="GlobalGrantScenario.Grants.ApplayForGrantTest"/>
</testsuite> <!-- Test -->
