<?xml version="1.0" encoding="UTF-8"?>
<testsuite xmlns:xsi="http://www.w3.org/2001/XMLSchema-instance" xsi:noNamespaceSchemaLocation="https://maven.apache.org/surefire/maven-surefire-plugin/xsd/surefire-test-report.xsd" name="TestSuite" time="56.688" tests="5" errors="0" skipped="0" failures="0">
  <properties>
[...]
</properties>
  <testcase name="openurl" classname="GlobalGrantScenario.Grants.OpenGrantPage" time="9.147"/>
  <testcase name="loignintGrant" classname="GlobalGrantScenario.Grants.grantsLoginPageTest" time="9.009"/>
  <testcase name="navigatetoNewGrantpage" classname="GlobalGrantScenario.Grants.GrantsHomePagetest" time="9.68"/>
  <testcase name="checkpagetitle" classname="GlobalGrantScenario.Grants.ApplayForGrantTest" time="3.736"/>
  <testcase name="startglobalgrant" classname="GlobalGrantScenario.Grants.ApplayForGrantTest" time="8.904"/>
</testsuite>