<?xml version="1.0" encoding="UTF-8"?>
<testng-results skipped="0" failed="0" total="2" passed="2">
  <reporter-output>
  </reporter-output>
  <suite name="Suite" duration-ms="43497" started-at="2020-03-15T18:22:37Z" finished-at="2020-03-15T18:23:20Z">
    <groups>
    </groups>
    <test name="Test" duration-ms="43497" started-at="2020-03-15T18:22:37Z" finished-at="2020-03-15T18:23:20Z">
      <class name="GlobalGrantScenario.Grants.grantsLoginPageTest">
        <test-method status="PASS" signature="loignintGrant(java.lang.String, java.lang.String)[pri:0, instance:GlobalGrantScenario.Grants.grantsLoginPageTest@7c83dc97]" name="loignintGrant" duration-ms="2596" started-at="2020-03-15T23:53:13Z" data-provider="getdata" finished-at="2020-03-15T23:53:16Z">
          <params>
            <param index="0">
              <value>
                <![CDATA[gov64400708@aol.com]]>
              </value>
            </param>
            <param index="1">
              <value>
                <![CDATA[Testing1]]>
              </value>
            </param>
          </params>
          <reporter-output>
          </reporter-output>
        </test-method> <!-- loignintGrant -->
        <test-method status="PASS" signature="closedbrowser()[pri:0, instance:GlobalGrantScenario.Grants.grantsLoginPageTest@7c83dc97]" name="closedbrowser" is-config="true" duration-ms="4152" started-at="2020-03-15T23:53:16Z" finished-at="2020-03-15T23:53:20Z">
          <reporter-output>
          </reporter-output>
        </test-method> <!-- closedbrowser -->
      </class> <!-- GlobalGrantScenario.Grants.grantsLoginPageTest -->
      <class name="GlobalGrantScenario.Grants.OpenGrantPage">
        <test-method status="PASS" signature="openloginpage()[pri:0, instance:GlobalGrantScenario.Grants.OpenGrantPage@21b2e768]" name="openloginpage" is-config="true" duration-ms="8346" started-at="2020-03-15T23:52:37Z" finished-at="2020-03-15T23:52:45Z">
          <reporter-output>
          </reporter-output>
        </test-method> <!-- openloginpage -->
        <test-method status="PASS" signature="openurl()[pri:0, instance:GlobalGrantScenario.Grants.OpenGrantPage@21b2e768]" name="openurl" duration-ms="28383" started-at="2020-03-15T23:52:45Z" finished-at="2020-03-15T23:53:13Z">
          <reporter-output>
          </reporter-output>
        </test-method> <!-- openurl -->
      </class> <!-- GlobalGrantScenario.Grants.OpenGrantPage -->
    </test> <!-- Test -->
  </suite> <!-- Suite -->
</testng-results>
